RedPacket/build/outputs/logs/manifest-merger-debug-report.txt
-- Merging decision tree log ---
manifest
ADDED from src\main\AndroidManifest.xml:1:1-132:12
INJECTED from src\main\AndroidManifest.xml:1:1-132:12
INJECTED from src\main\AndroidManifest.xml:1:1-132:12
INJECTED from src\main\AndroidManifest.xml:1:1-132:12
INJECTED from src\main\AndroidManifest.xml:1:1-132:12
INJECTED from src\main\AndroidManifest.xml:1:1-132:12
INJECTED from src\main\AndroidManifest.xml:1:1-132:12
	package
		ADDED from src\main\AndroidManifest.xml:2:11-38
		INJECTED from src\main\AndroidManifest.xml
		INJECTED from src\main\AndroidManifest.xml
	android:versionName
		INJECTED from src\main\AndroidManifest.xml
		ADDED from src\main\AndroidManifest.xml:1:1-132:12
		INJECTED from src\main\AndroidManifest.xml
	android:versionCode
		INJECTED from src\main\AndroidManifest.xml
		ADDED from src\main\AndroidManifest.xml:1:1-132:12
		INJECTED from src\main\AndroidManifest.xml
	xmlns:android
		ADDED from src\main\AndroidManifest.xml:1:11-69
uses-permission#android.permission.INTERNET
ADDED from src\main\AndroidManifest.xml:4:5-67
	android:name
		ADDED from src\main\AndroidManifest.xml:4:22-64
uses-permission#android.permission.ACCESS_NETWORK_STATE
ADDED from src\main\AndroidManifest.xml:5:5-79
	android:name
		ADDED from src\main\AndroidManifest.xml:5:22-76
uses-permission#android.permission.ACCESS_WIFI_STATE
ADDED from src\main\AndroidManifest.xml:6:5-76
	android:name
		ADDED from src\main\AndroidManifest.xml:6:22-73
uses-permission#android.permission.READ_PHONE_STATE
ADDED from src\main\AndroidManifest.xml:7:5-75
	android:name
		ADDED from src\main\AndroidManifest.xml:7:22-72
uses-permission#android.permission.WRITE_EXTERNAL_STORAGE
ADDED from src\main\AndroidManifest.xml:8:5-81
	android:name
		ADDED from src\main\AndroidManifest.xml:8:22-78
uses-permission#android.permission.READ_EXTERNAL_STORAGE
ADDED from src\main\AndroidManifest.xml:9:5-80
	android:name
		ADDED from src\main\AndroidManifest.xml:9:22-77
uses-permission#android.permission.ACCESS_FINE_LOCATION
ADDED from src\main\AndroidManifest.xml:10:5-79
	android:name
		ADDED from src\main\AndroidManifest.xml:10:22-76
uses-permission#android.permission.ACCESS_COARSE_LOCATION
ADDED from src\main\AndroidManifest.xml:11:5-81
	android:name
		ADDED from src\main\AndroidManifest.xml:11:22-78
application
ADDED from src\main\AndroidManifest.xml:14:5-130:19
activity#com.jrmf360.rylib.rp.ui.AddCardActivity
ADDED from src\main\AndroidManifest.xml:15:9-16:57
	android:screenOrientation
		ADDED from src\main\AndroidManifest.xml:16:19-55
	android:name
		ADDED from src\main\AndroidManifest.xml:15:19-73
activity#com.jrmf360.rylib.rp.ui.AddCardFirsstActivity
ADDED from src\main\AndroidManifest.xml:17:9-19:51
	android:screenOrientation
		ADDED from src\main\AndroidManifest.xml:19:13-49
	android:name
		ADDED from src\main\AndroidManifest.xml:18:13-73
activity#com.jrmf360.rylib.rp.ui.AddCardSecondActivity
ADDED from src\main\AndroidManifest.xml:20:9-21:57
	android:screenOrientation
		ADDED from src\main\AndroidManifest.xml:21:19-55
	android:name
		ADDED from src\main\AndroidManifest.xml:20:19-79
activity#com.jrmf360.rylib.rp.ui.BankCardListActivity
ADDED from src\main\AndroidManifest.xml:22:9-23:57
	android:screenOrientation
		ADDED from src\main\AndroidManifest.xml:23:19-55
	android:name
		ADDED from src\main\AndroidManifest.xml:22:19-78
activity#com.jrmf360.rylib.rp.ui.EnBrowserActivity
ADDED from src\main\AndroidManifest.xml:24:9-26:51
	android:screenOrientation
		ADDED from src\main\AndroidManifest.xml:26:13-49
	android:name
		ADDED from src\main\AndroidManifest.xml:25:13-69
activity#com.jrmf360.rylib.rp.ui.PayTypeActivity
ADDED from src\main\AndroidManifest.xml:27:9-31:51
	android:screenOrientation
		ADDED from src\main\AndroidManifest.xml:31:13-49
	android:windowSoftInputMode
		ADDED from src\main\AndroidManifest.xml:30:13-55
	android:theme
		ADDED from src\main\AndroidManifest.xml:29:13-47
	android:name
		ADDED from src\main\AndroidManifest.xml:28:13-67
activity#com.jrmf360.rylib.rp.ui.TransPayActivity
ADDED from src\main\AndroidManifest.xml:33:9-38:51
	android:screenOrientation
		ADDED from src\main\AndroidManifest.xml:38:13-49
	android:launchMode
		ADDED from src\main\AndroidManifest.xml:35:13-44
	android:windowSoftInputMode
		ADDED from src\main\AndroidManifest.xml:37:13-55
	android:theme
		ADDED from src\main\AndroidManifest.xml:36:13-47
	android:name
		ADDED from src\main\AndroidManifest.xml:34:13-68
activity#com.jrmf360.rylib.rp.ui.RealNameActivity
ADDED from src\main\AndroidManifest.xml:40:9-41:57
	android:screenOrientation
		ADDED from src\main\AndroidManifest.xml:41:19-55
	android:name
		ADDED from src\main\AndroidManifest.xml:40:19-74
activity#com.jrmf360.rylib.rp.ui.ResetPswdActivity
ADDED from src\main\AndroidManifest.xml:42:9-43:57
	android:screenOrientation
		ADDED from src\main\AndroidManifest.xml:43:19-55
	android:name
		ADDED from src\main\AndroidManifest.xml:42:19-75
activity#com.jrmf360.rylib.rp.ui.SendGroupEnvelopesActivity
ADDED from src\main\AndroidManifest.xml:44:9-45:57
	android:screenOrientation
		ADDED from src\main\AndroidManifest.xml:45:19-55
	android:name
		ADDED from src\main\AndroidManifest.xml:44:19-84
activity#com.jrmf360.rylib.rp.ui.SendSingleEnvelopesActivity
ADDED from src\main\AndroidManifest.xml:46:9-47:57
	android:screenOrientation
		ADDED from src\main\AndroidManifest.xml:47:19-55
	android:name
		ADDED from src\main\AndroidManifest.xml:46:19-85
activity#com.jrmf360.rylib.rp.ui.SettingPswdActivity
ADDED from src\main\AndroidManifest.xml:48:9-49:57
	android:screenOrientation
		ADDED from src\main\AndroidManifest.xml:49:19-55
	android:name
		ADDED from src\main\AndroidManifest.xml:48:19-77
activity#com.jrmf360.rylib.rp.ui.RpDetailActivity
ADDED from src\main\AndroidManifest.xml:50:9-51:57
	android:screenOrientation
		ADDED from src\main\AndroidManifest.xml:51:19-55
	android:name
		ADDED from src\main\AndroidManifest.xml:50:19-74
activity#com.jrmf360.rylib.rp.ui.MyRpActivity
ADDED from src\main\AndroidManifest.xml:52:9-53:57
	android:screenOrientation
		ADDED from src\main\AndroidManifest.xml:53:19-55
	android:name
		ADDED from src\main\AndroidManifest.xml:52:19-70
activity#com.jrmf360.rylib.rp.ui.FindPwdByInfoActivity
ADDED from src\main\AndroidManifest.xml:54:9-55:57
	android:screenOrientation
		ADDED from src\main\AndroidManifest.xml:55:19-55
	android:name
		ADDED from src\main\AndroidManifest.xml:54:19-79
activity#com.jrmf360.rylib.rp.ui.TransAccountActivity
ADDED from src\main\AndroidManifest.xml:56:9-57:57
	android:screenOrientation
		ADDED from src\main\AndroidManifest.xml:57:19-55
	android:name
		ADDED from src\main\AndroidManifest.xml:56:19-78
activity#com.jrmf360.rylib.rp.ui.TransSuccActivity
ADDED from src\main\AndroidManifest.xml:58:9-59:57
	android:screenOrientation
		ADDED from src\main\AndroidManifest.xml:59:19-55
	android:name
		ADDED from src\main\AndroidManifest.xml:58:19-75
activity#com.jrmf360.rylib.rp.ui.TransDetailActivity
ADDED from src\main\AndroidManifest.xml:60:9-61:57
	android:screenOrientation
		ADDED from src\main\AndroidManifest.xml:61:19-55
	android:name
		ADDED from src\main\AndroidManifest.xml:60:19-77
activity#com.jrmf360.rylib.wallet.ui.MyWalletActivity
ADDED from src\main\AndroidManifest.xml:65:9-68:52
	android:screenOrientation
		ADDED from src\main\AndroidManifest.xml:68:13-49
	android:launchMode
		ADDED from src\main\AndroidManifest.xml:67:13-44
	android:name
		ADDED from src\main\AndroidManifest.xml:66:13-72
activity#com.jrmf360.rylib.wallet.ui.AccountInfoActivity
ADDED from src\main\AndroidManifest.xml:69:9-70:57
	android:screenOrientation
		ADDED from src\main\AndroidManifest.xml:70:19-55
	android:name
		ADDED from src\main\AndroidManifest.xml:69:19-81
activity#com.jrmf360.rylib.wallet.ui.TradeHistoryActivity
ADDED from src\main\AndroidManifest.xml:71:9-72:57
	android:screenOrientation
		ADDED from src\main\AndroidManifest.xml:72:19-55
	android:name
		ADDED from src\main\AndroidManifest.xml:71:19-82
activity#com.jrmf360.rylib.wallet.ui.SecureSettingActivity
ADDED from src\main\AndroidManifest.xml:73:9-74:57
	android:screenOrientation
		ADDED from src\main\AndroidManifest.xml:74:19-55
	android:name
		ADDED from src\main\AndroidManifest.xml:73:19-83
activity#com.jrmf360.rylib.wallet.ui.SetPayPwdActivity
ADDED from src\main\AndroidManifest.xml:75:9-76:57
	android:screenOrientation
		ADDED from src\main\AndroidManifest.xml:76:19-55
	android:name
		ADDED from src\main\AndroidManifest.xml:75:19-79
activity#com.jrmf360.rylib.wallet.ui.IdentityAuthenActivity
ADDED from src\main\AndroidManifest.xml:77:9-78:57
	android:screenOrientation
		ADDED from src\main\AndroidManifest.xml:78:19-55
	android:name
		ADDED from src\main\AndroidManifest.xml:77:19-84
activity#com.jrmf360.rylib.wallet.ui.UpdatePwdActivity
ADDED from src\main\AndroidManifest.xml:79:9-80:57
	android:screenOrientation
		ADDED from src\main\AndroidManifest.xml:80:19-55
	android:name
		ADDED from src\main\AndroidManifest.xml:79:19-79
activity#com.jrmf360.rylib.wallet.ui.GetPwdActivity
ADDED from src\main\AndroidManifest.xml:81:9-82:57
	android:screenOrientation
		ADDED from src\main\AndroidManifest.xml:82:19-55
	android:name
		ADDED from src\main\AndroidManifest.xml:81:19-76
activity#com.jrmf360.rylib.wallet.ui.SupportBankCardActivity
ADDED from src\main\AndroidManifest.xml:83:9-84:57
	android:screenOrientation
		ADDED from src\main\AndroidManifest.xml:84:19-55
	android:name
		ADDED from src\main\AndroidManifest.xml:83:19-85
activity#com.jrmf360.rylib.wallet.ui.BankSettingActivity
ADDED from src\main\AndroidManifest.xml:85:9-86:57
	android:screenOrientation
		ADDED from src\main\AndroidManifest.xml:86:19-55
	android:name
		ADDED from src\main\AndroidManifest.xml:85:19-81
activity#com.jrmf360.rylib.wallet.ui.AddCardSecondActivity
ADDED from src\main\AndroidManifest.xml:87:9-88:57
	android:screenOrientation
		ADDED from src\main\AndroidManifest.xml:88:19-55
	android:name
		ADDED from src\main\AndroidManifest.xml:87:19-83
activity#com.jrmf360.rylib.wallet.ui.AddCardFirstActivity
ADDED from src\main\AndroidManifest.xml:89:9-90:57
	android:screenOrientation
		ADDED from src\main\AndroidManifest.xml:90:19-55
	android:name
		ADDED from src\main\AndroidManifest.xml:89:19-82
activity#com.jrmf360.rylib.wallet.ui.RechargeActivity
ADDED from src\main\AndroidManifest.xml:91:9-92:57
	android:screenOrientation
		ADDED from src\main\AndroidManifest.xml:92:19-55
	android:name
		ADDED from src\main\AndroidManifest.xml:91:19-78
activity#com.jrmf360.rylib.wallet.ui.GetDepositActivity
ADDED from src\main\AndroidManifest.xml:94:9-97:51
	android:screenOrientation
		ADDED from src\main\AndroidManifest.xml:97:13-49
	android:windowSoftInputMode
		ADDED from src\main\AndroidManifest.xml:96:13-67
	android:name
		ADDED from src\main\AndroidManifest.xml:95:13-74
activity#com.jrmf360.rylib.wallet.ui.PwdCheckActivity
ADDED from src\main\AndroidManifest.xml:98:9-99:57
	android:screenOrientation
		ADDED from src\main\AndroidManifest.xml:99:19-55
	android:name
		ADDED from src\main\AndroidManifest.xml:98:19-78
activity#com.jrmf360.rylib.wallet.ui.MyRpActivity
ADDED from src\main\AndroidManifest.xml:100:9-101:57
	android:screenOrientation
		ADDED from src\main\AndroidManifest.xml:101:19-55
	android:name
		ADDED from src\main\AndroidManifest.xml:100:19-74
activity#com.jrmf360.rylib.wallet.ui.SelectSubBankActivity
ADDED from src\main\AndroidManifest.xml:102:9-103:57
	android:screenOrientation
		ADDED from src\main\AndroidManifest.xml:103:19-55
	android:name
		ADDED from src\main\AndroidManifest.xml:102:19-83
activity#com.jrmf360.rylib.wallet.ui.WebViewActivity
ADDED from src\main\AndroidManifest.xml:104:9-105:57
	android:screenOrientation
		ADDED from src\main\AndroidManifest.xml:105:19-55
	android:name
		ADDED from src\main\AndroidManifest.xml:104:19-77
activity#com.jrmf360.rylib.wallet.ui.TradeDetailActivity
ADDED from src\main\AndroidManifest.xml:106:9-107:57
	android:screenOrientation
		ADDED from src\main\AndroidManifest.xml:107:19-55
	android:name
		ADDED from src\main\AndroidManifest.xml:106:19-81
activity#com.alipay.sdk.app.H5PayActivity
ADDED from src\main\AndroidManifest.xml:113:9-120:20
	android:screenOrientation
		ADDED from src\main\AndroidManifest.xml:117:13-47
	android:windowSoftInputMode
		ADDED from src\main\AndroidManifest.xml:118:13-67
	android:exported
		ADDED from src\main\AndroidManifest.xml:116:13-37
	android:configChanges
		ADDED from src\main\AndroidManifest.xml:115:13-85
	android:name
		ADDED from src\main\AndroidManifest.xml:114:13-60
activity#com.alipay.sdk.auth.AuthActivity
ADDED from src\main\AndroidManifest.xml:121:9-127:20
	android:screenOrientation
		ADDED from src\main\AndroidManifest.xml:125:13-47
	android:exported
		ADDED from src\main\AndroidManifest.xml:124:13-37
	android:configChanges
		ADDED from src\main\AndroidManifest.xml:123:13-74
	android:name
		ADDED from src\main\AndroidManifest.xml:122:13-60
uses-sdk
INJECTED from src\main\AndroidManifest.xml reason: use-sdk injection requested
INJECTED from src\main\AndroidManifest.xml
INJECTED from src\main\AndroidManifest.xml
INJECTED from src\main\AndroidManifest.xml
INJECTED from src\main\AndroidManifest.xml
	android:targetSdkVersion
		INJECTED from src\main\AndroidManifest.xml
		ADDED from src\main\AndroidManifest.xml
		INJECTED from src\main\AndroidManifest.xml
	android:minSdkVersion
		INJECTED from src\main\AndroidManifest.xml
		ADDED from src\main\AndroidManifest.xml
		INJECTED from src\main\AndroidManifest.xml